[2023-11-30 16:11:29] [ ERROR] [GlobalExceptions:27] ERROR: Description: User does no exits in Keycloak
Location: 
com.company.repository.UserKeycloakRepository.findUser(UserKeycloakRepository.java:37)
java.base/jdk.internal.reflect.DirectMethodHandleAccessor.invoke(DirectMethodHandleAccessor.java:104)
java.base/java.lang.reflect.Method.invoke(Method.java:577)


[2023-11-30 16:23:19] [ ERROR] [GlobalExceptions:27] ERROR: Description: Usuario con ID d25d6bf8-8453-471f-a15e-d7d97f44e282 no existe.
Location: 
com.company.service.UserDetailsService.findByUserId(UserDetailsService.java:42)
com.company.service.UserService.findById(UserService.java:23)
com.company.controller.UserController.findUserById(UserController.java:30)


[2023-11-30 16:24:14] [ ERROR] [GlobalExceptions:27] ERROR: Description: User does not exits in Keycloak
Location: 
com.company.repository.UserKeycloakRepository.findUser(UserKeycloakRepository.java:37)
java.base/jdk.internal.reflect.DirectMethodHandleAccessor.invoke(DirectMethodHandleAccessor.java:104)
java.base/java.lang.reflect.Method.invoke(Method.java:577)


[2023-11-30 16:43:41] [ ERROR] [GlobalExceptions:27] ERROR: Description: Usuario con ID f83d4481-6ca8-42fa-bf61-6ef3f7b15645 no existe.
Location: 
com.company.service.UserDetailsService.findByUserId(UserDetailsService.java:42)
com.company.service.UserService.findById(UserService.java:23)
com.company.controller.UserController.findUserById(UserController.java:30)


[2023-11-30 16:47:37] [ ERROR] [GlobalExceptions:27] ERROR: Description: Usuario con ID effd7669-ef0a-4dc2-a5c6-91cd3890cec7 no existe.
Location: 
com.company.service.UserDetailsService.findByUserId(UserDetailsService.java:42)
com.company.service.UserService.findById(UserService.java:23)
com.company.controller.UserController.findUserById(UserController.java:30)


[2023-11-30 16:48:07] [ ERROR] [GlobalExceptions:27] ERROR: Description: Usuario con ID ae7e0235-4721-4791-90ad-7d6b9480418e no existe.
Location: 
com.company.service.UserDetailsService.findByUserId(UserDetailsService.java:42)
com.company.service.UserService.findById(UserService.java:23)
com.company.controller.UserController.findUserById(UserController.java:30)


[2023-11-30 16:56:02] [ ERROR] [GlobalExceptions:27] ERROR: Description: Usuario con ID b9b7d8f1-8ff7-426a-98ef-7a620f1fa81b no existe.
Location: 
com.company.service.UserDetailsService.findByUserId(UserDetailsService.java:42)
com.company.service.UserService.findById(UserService.java:23)
com.company.controller.UserController.findUserById(UserController.java:30)


[2023-12-01 22:28:05] [ ERROR] [GlobalExceptions:27] ERROR: Description: Usuario con ID b19dc58a-0836-425d-ae3e-814a816a523e no existe.
Location: 
com.company.service.UserDetailsService.findByUserId(UserDetailsService.java:42)
com.company.service.UserService.findById(UserService.java:23)
com.company.controller.UserController.findUserById(UserController.java:43)


